0 info it worked if it ends with ok
1 verbose cli [ '/Users/dbanfi/.nvm/versions/node/v7.7.4/bin/node',
1 verbose cli   '/Users/dbanfi/.nvm/versions/node/v7.7.4/bin/npm',
1 verbose cli   'run',
1 verbose cli   'test:dump' ]
2 info using npm@4.1.2
3 info using node@v7.7.4
4 verbose run-script [ 'pretest:dump', 'test:dump', 'posttest:dump' ]
5 info lifecycle galen_example@1.0.0~pretest:dump: galen_example@1.0.0
6 silly lifecycle galen_example@1.0.0~pretest:dump: no script for pretest:dump, continuing
7 info lifecycle galen_example@1.0.0~test:dump: galen_example@1.0.0
8 verbose lifecycle galen_example@1.0.0~test:dump: unsafe-perm in lifecycle true
9 verbose lifecycle galen_example@1.0.0~test:dump: PATH: /Users/dbanfi/.nvm/versions/node/v7.7.4/lib/node_modules/npm/bin/node-gyp-bin:/Users/dbanfi/Desktop/visual-regression-testing-talk/galen_example/node_modules/.bin:/usr/local/opt/android-sdk/build-tools/19.1.0:/usr/local/opt/android-sdk/platform-tools:/usr/local/opt/android-sdk/tools:/usr/local/opt/gradle/bin:/usr/local/opt/maven/bin:/usr/local/opt/ant/bin:/Users/dbanfi/.nvm/versions/node/v7.7.4/bin:/Users/dbanfi/.nix-profile/bin:/Users/dbanfi/.nix-profile/sbin:/usr/local/bin:/usr/local/sbin:/usr/bin:/bin:/usr/sbin:/sbin:./node_modules/.bin
10 verbose lifecycle galen_example@1.0.0~test:dump: CWD: /Users/dbanfi/Desktop/visual-regression-testing-talk/galen_example
11 silly lifecycle galen_example@1.0.0~test:dump: Args: [ '-c',
11 silly lifecycle   'npm run test:galen -- test/suites/dump.test --htmlreport \'test-output/dump\'' ]
12 silly lifecycle galen_example@1.0.0~test:dump: Returned: code: 1  signal: null
13 info lifecycle galen_example@1.0.0~test:dump: Failed to exec test:dump script
14 verbose stack Error: galen_example@1.0.0 test:dump: `npm run test:galen -- test/suites/dump.test --htmlreport 'test-output/dump'`
14 verbose stack Exit status 1
14 verbose stack     at EventEmitter.<anonymous> (/Users/dbanfi/.nvm/versions/node/v7.7.4/lib/node_modules/npm/lib/utils/lifecycle.js:279:16)
14 verbose stack     at emitTwo (events.js:106:13)
14 verbose stack     at EventEmitter.emit (events.js:194:7)
14 verbose stack     at ChildProcess.<anonymous> (/Users/dbanfi/.nvm/versions/node/v7.7.4/lib/node_modules/npm/lib/utils/spawn.js:40:14)
14 verbose stack     at emitTwo (events.js:106:13)
14 verbose stack     at ChildProcess.emit (events.js:194:7)
14 verbose stack     at maybeClose (internal/child_process.js:899:16)
14 verbose stack     at Process.ChildProcess._handle.onexit (internal/child_process.js:226:5)
15 verbose pkgid galen_example@1.0.0
16 verbose cwd /Users/dbanfi/Desktop/visual-regression-testing-talk/galen_example
17 error Darwin 16.6.0
18 error argv "/Users/dbanfi/.nvm/versions/node/v7.7.4/bin/node" "/Users/dbanfi/.nvm/versions/node/v7.7.4/bin/npm" "run" "test:dump"
19 error node v7.7.4
20 error npm  v4.1.2
21 error code ELIFECYCLE
22 error galen_example@1.0.0 test:dump: `npm run test:galen -- test/suites/dump.test --htmlreport 'test-output/dump'`
22 error Exit status 1
23 error Failed at the galen_example@1.0.0 test:dump script 'npm run test:galen -- test/suites/dump.test --htmlreport 'test-output/dump''.
23 error Make sure you have the latest version of node.js and npm installed.
23 error If you do, this is most likely a problem with the galen_example package,
23 error not with npm itself.
23 error Tell the author that this fails on your system:
23 error     npm run test:galen -- test/suites/dump.test --htmlreport 'test-output/dump'
23 error You can get information on how to open an issue for this project with:
23 error     npm bugs galen_example
23 error Or if that isn't available, you can get their info via:
23 error     npm owner ls galen_example
23 error There is likely additional logging output above.
24 verbose exit [ 1, true ]
